{"level":"info","message":"API server start at port 3000","timestamp":"2022-09-19 12:24:58"}
{"level":"error","message":"insertUsers Query error\n: {\"message\":\"Column 'password' cannot be null\",\"code\":\"ER_BAD_NULL_ERROR\",\"errno\":1048,\"sql\":\"insert into user(userID,userName,password) values('eunyoung','강은영',NULL)\",\"sqlState\":\"23000\",\"sqlMessage\":\"Column 'password' cannot be null\"}","timestamp":"2022-09-19 12:25:18"}
{"level":"error","message":"insertUsers Query error\n: {\"message\":\"Column 'password' cannot be null\",\"code\":\"ER_BAD_NULL_ERROR\",\"errno\":1048,\"sql\":\"insert into user(userID,userName,password) values('eunyoung','강은영',NULL)\",\"sqlState\":\"23000\",\"sqlMessage\":\"Column 'password' cannot be null\"}","timestamp":"2022-09-19 12:25:45"}
{"level":"error","message":"insertUsers Query error\n: {\"message\":\"Column 'password' cannot be null\",\"code\":\"ER_BAD_NULL_ERROR\",\"errno\":1048,\"sql\":\"insert into user(userID,userName,password) values('eunyoung','강은영',NULL)\",\"sqlState\":\"23000\",\"sqlMessage\":\"Column 'password' cannot be null\"}","timestamp":"2022-09-19 12:25:48"}
{"level":"info","message":"API server start at port 3000","timestamp":"2022-09-19 12:35:14"}
{"level":"info","message":"API server start at port 3000","timestamp":"2022-09-19 12:38:46"}
{"level":"info","message":"API server start at port 3000","timestamp":"2022-09-19 13:56:25"}
{"level":"error","message":"insertUsers Query error\n: {\"message\":\"Column 'password' cannot be null\",\"code\":\"ER_BAD_NULL_ERROR\",\"errno\":1048,\"sql\":\"insert into user(userID,userName,password) values('doyoung','김도영',NULL)\",\"sqlState\":\"23000\",\"sqlMessage\":\"Column 'password' cannot be null\"}","timestamp":"2022-09-19 13:57:21"}
{"level":"error","message":"insertUsers Query error\n: {\"message\":\"Column 'password' cannot be null\",\"code\":\"ER_BAD_NULL_ERROR\",\"errno\":1048,\"sql\":\"insert into user(userID,userName,password) values('doyoung','김도영',NULL)\",\"sqlState\":\"23000\",\"sqlMessage\":\"Column 'password' cannot be null\"}","timestamp":"2022-09-19 13:58:00"}
{"level":"info","message":"API server start at port 3000","timestamp":"2022-09-19 13:58:39"}
{"level":"info","message":"API server start at port 3000","timestamp":"2022-09-19 13:58:45"}
{"level":"info","message":"API server start at port 3000","timestamp":"2022-09-19 14:01:43"}
{"level":"info","message":"API server start at port 3000","timestamp":"2022-09-19 14:02:18"}
{"level":"error","message":"insertUsers Query error\n: {\"message\":\"Column 'password' cannot be null\",\"code\":\"ER_BAD_NULL_ERROR\",\"errno\":1048,\"sql\":\"insert into user(userID,userName,password) values('doyoung','김도영',NULL)\",\"sqlState\":\"23000\",\"sqlMessage\":\"Column 'password' cannot be null\"}","timestamp":"2022-09-19 14:02:32"}
{"level":"error","message":"insertUsers Query error\n: {\"message\":\"Column 'password' cannot be null\",\"code\":\"ER_BAD_NULL_ERROR\",\"errno\":1048,\"sql\":\"insert into user(userID,userName,password) values('doyoung','김도영',NULL)\",\"sqlState\":\"23000\",\"sqlMessage\":\"Column 'password' cannot be null\"}","timestamp":"2022-09-19 14:03:23"}
{"level":"info","message":"API server start at port 3000","timestamp":"2022-09-19 14:06:36"}
{"level":"error","message":"insertUsers Query error\n: {\"message\":\"Column 'password' cannot be null\",\"code\":\"ER_BAD_NULL_ERROR\",\"errno\":1048,\"sql\":\"insert into user(userID,userName,password) values('doyoung','김도영',NULL)\",\"sqlState\":\"23000\",\"sqlMessage\":\"Column 'password' cannot be null\"}","timestamp":"2022-09-19 14:11:10"}
{"level":"error","message":"insertUsers Query error\n: {\"message\":\"Column 'password' cannot be null\",\"code\":\"ER_BAD_NULL_ERROR\",\"errno\":1048,\"sql\":\"insert into user(userID,userName,password) values('doyoung','김도영',NULL)\",\"sqlState\":\"23000\",\"sqlMessage\":\"Column 'password' cannot be null\"}","timestamp":"2022-09-19 14:11:17"}
{"level":"error","message":"insertUsers Query error\n: {\"message\":\"Column 'password' cannot be null\",\"code\":\"ER_BAD_NULL_ERROR\",\"errno\":1048,\"sql\":\"insert into user(userID,userName,password) values('doyoung','김도영',NULL)\",\"sqlState\":\"23000\",\"sqlMessage\":\"Column 'password' cannot be null\"}","timestamp":"2022-09-19 14:11:19"}
{"level":"error","message":"insertUsers Query error\n: {\"message\":\"Column 'password' cannot be null\",\"code\":\"ER_BAD_NULL_ERROR\",\"errno\":1048,\"sql\":\"insert into user(userID,userName,password) values('doyoung','김도영',NULL)\",\"sqlState\":\"23000\",\"sqlMessage\":\"Column 'password' cannot be null\"}","timestamp":"2022-09-19 14:11:50"}
{"level":"info","message":"API server start at port 3000","timestamp":"2022-09-19 14:35:19"}
{"level":"info","message":"API server start at port 3000","timestamp":"2022-09-19 14:42:42"}
{"level":"error","message":"insertUsers Query error\n: {\"message\":\"Column 'password' cannot be null\",\"code\":\"ER_BAD_NULL_ERROR\",\"errno\":1048,\"sql\":\"insert into user(userID,userName,password) values('doyoung','김도영',NULL)\",\"sqlState\":\"23000\",\"sqlMessage\":\"Column 'password' cannot be null\"}","timestamp":"2022-09-19 14:48:14"}
{"level":"info","message":"API server start at port 3000","timestamp":"2022-09-19 14:53:23"}
{"level":"info","message":"API server start at port 3000","timestamp":"2022-09-19 14:55:51"}
{"level":"info","message":"API server start at port 3000","timestamp":"2022-09-19 14:56:55"}
{"level":"info","message":"API server start at port 3000","timestamp":"2022-09-19 14:57:45"}
{"level":"info","message":"API server start at port 3000","timestamp":"2022-09-19 15:00:13"}
{"level":"info","message":"API server start at port 3000","timestamp":"2022-09-19 15:00:38"}
{"level":"info","message":"API server start at port 3000","timestamp":"2022-09-19 15:02:48"}
{"level":"info","message":"API server start at port 3000","timestamp":"2022-09-19 15:07:07"}
{"level":"info","message":"API server start at port 3000","timestamp":"2022-09-19 15:10:12"}
{"level":"info","message":"API server start at port 3000","timestamp":"2022-09-19 15:10:14"}
{"level":"info","message":"API server start at port 3000","timestamp":"2022-09-19 15:10:18"}
{"level":"info","message":"API server start at port 3000","timestamp":"2022-09-19 15:10:35"}
{"level":"info","message":"API server start at port 3000","timestamp":"2022-09-19 15:14:04"}
{"level":"info","message":"API server start at port 3000","timestamp":"2022-09-19 15:15:38"}
{"level":"info","message":"API server start at port 3000","timestamp":"2022-09-19 15:18:22"}
{"level":"error","message":"insertUsers Query error\n: {\"message\":\"Column 'password' cannot be null\",\"code\":\"ER_BAD_NULL_ERROR\",\"errno\":1048,\"sql\":\"insert into user(userID,userName,password) values('ukkyo','유효진',NULL)\",\"sqlState\":\"23000\",\"sqlMessage\":\"Column 'password' cannot be null\"}","timestamp":"2022-09-19 15:18:49"}
{"level":"error","message":"insertUsers Query error\n: {\"message\":\"Column 'password' cannot be null\",\"code\":\"ER_BAD_NULL_ERROR\",\"errno\":1048,\"sql\":\"insert into user(userID,userName,password) values('ukkyo','유효진',NULL)\",\"sqlState\":\"23000\",\"sqlMessage\":\"Column 'password' cannot be null\"}","timestamp":"2022-09-19 15:19:00"}
{"level":"error","message":"insertUsers Query error\n: {\"message\":\"Column 'password' cannot be null\",\"code\":\"ER_BAD_NULL_ERROR\",\"errno\":1048,\"sql\":\"insert into user(userID,userName,password) values('ukkyo','유효진',NULL)\",\"sqlState\":\"23000\",\"sqlMessage\":\"Column 'password' cannot be null\"}","timestamp":"2022-09-19 15:19:02"}
{"level":"error","message":"insertUsers Query error\n: {\"message\":\"Column 'password' cannot be null\",\"code\":\"ER_BAD_NULL_ERROR\",\"errno\":1048,\"sql\":\"insert into user(userID,userName,password) values('ukkyo','유효진',NULL)\",\"sqlState\":\"23000\",\"sqlMessage\":\"Column 'password' cannot be null\"}","timestamp":"2022-09-19 15:19:02"}
{"level":"error","message":"insertUsers Query error\n: {\"message\":\"Column 'password' cannot be null\",\"code\":\"ER_BAD_NULL_ERROR\",\"errno\":1048,\"sql\":\"insert into user(userID,userName,password) values('ukkyo','유효진',NULL)\",\"sqlState\":\"23000\",\"sqlMessage\":\"Column 'password' cannot be null\"}","timestamp":"2022-09-19 15:19:02"}
{"level":"error","message":"insertUsers Query error\n: {\"message\":\"Column 'password' cannot be null\",\"code\":\"ER_BAD_NULL_ERROR\",\"errno\":1048,\"sql\":\"insert into user(userID,userName,password) values('ukkyo','유효진',NULL)\",\"sqlState\":\"23000\",\"sqlMessage\":\"Column 'password' cannot be null\"}","timestamp":"2022-09-19 15:19:03"}
{"level":"error","message":"insertUsers Query error\n: {\"message\":\"Column 'password' cannot be null\",\"code\":\"ER_BAD_NULL_ERROR\",\"errno\":1048,\"sql\":\"insert into user(userID,userName,password) values('ukkyo','유효진',NULL)\",\"sqlState\":\"23000\",\"sqlMessage\":\"Column 'password' cannot be null\"}","timestamp":"2022-09-19 15:19:03"}
{"level":"error","message":"insertUsers Query error\n: {\"message\":\"Column 'password' cannot be null\",\"code\":\"ER_BAD_NULL_ERROR\",\"errno\":1048,\"sql\":\"insert into user(userID,userName,password) values('ukkyo','유효진',NULL)\",\"sqlState\":\"23000\",\"sqlMessage\":\"Column 'password' cannot be null\"}","timestamp":"2022-09-19 15:19:03"}
{"level":"error","message":"insertUsers Query error\n: {\"message\":\"Column 'password' cannot be null\",\"code\":\"ER_BAD_NULL_ERROR\",\"errno\":1048,\"sql\":\"insert into user(userID,userName,password) values('ukkyo','유효진',NULL)\",\"sqlState\":\"23000\",\"sqlMessage\":\"Column 'password' cannot be null\"}","timestamp":"2022-09-19 15:19:04"}
{"level":"error","message":"insertUsers Query error\n: {\"message\":\"Column 'password' cannot be null\",\"code\":\"ER_BAD_NULL_ERROR\",\"errno\":1048,\"sql\":\"insert into user(userID,userName,password) values('ukkyo','유효진',NULL)\",\"sqlState\":\"23000\",\"sqlMessage\":\"Column 'password' cannot be null\"}","timestamp":"2022-09-19 15:19:04"}
{"level":"error","message":"insertUsers Query error\n: {\"message\":\"Column 'password' cannot be null\",\"code\":\"ER_BAD_NULL_ERROR\",\"errno\":1048,\"sql\":\"insert into user(userID,userName,password) values('ukkyo','유효진',NULL)\",\"sqlState\":\"23000\",\"sqlMessage\":\"Column 'password' cannot be null\"}","timestamp":"2022-09-19 15:19:04"}
{"level":"info","message":"API server start at port 3000","timestamp":"2022-09-19 15:19:50"}
{"level":"error","message":"insertUsers Query error\n: {\"message\":\"Column 'password' cannot be null\",\"code\":\"ER_BAD_NULL_ERROR\",\"errno\":1048,\"sql\":\"insert into user(userID,userName,password) values('ukkyo','유효진',NULL)\",\"sqlState\":\"23000\",\"sqlMessage\":\"Column 'password' cannot be null\"}","timestamp":"2022-09-19 15:19:56"}
{"level":"info","message":"API server start at port 3000","timestamp":"2022-09-19 15:21:22"}
{"level":"error","message":"insertUsers Query error\n: {\"message\":\"Column 'password' cannot be null\",\"code\":\"ER_BAD_NULL_ERROR\",\"errno\":1048,\"sql\":\"insert into user(userID,userName,password) values('ukkyo','유효진',NULL)\",\"sqlState\":\"23000\",\"sqlMessage\":\"Column 'password' cannot be null\"}","timestamp":"2022-09-19 15:21:26"}
{"level":"error","message":"insertUsers Query error\n: {\"message\":\"Column 'password' cannot be null\",\"code\":\"ER_BAD_NULL_ERROR\",\"errno\":1048,\"sql\":\"insert into user(userID,userName,password) values('ukkyo','유효진',NULL)\",\"sqlState\":\"23000\",\"sqlMessage\":\"Column 'password' cannot be null\"}","timestamp":"2022-09-19 15:21:29"}
{"level":"info","message":"API server start at port 3000","timestamp":"2022-09-19 15:23:13"}
{"level":"error","message":"insertUsers Query error\n: {\"message\":\"Column 'password' cannot be null\",\"code\":\"ER_BAD_NULL_ERROR\",\"errno\":1048,\"sql\":\"insert into user(userID,userName,password) values('handjunyoung','손준영',NULL)\",\"sqlState\":\"23000\",\"sqlMessage\":\"Column 'password' cannot be null\"}","timestamp":"2022-09-19 15:23:44"}
{"level":"info","message":"API server start at port 3000","timestamp":"2022-09-19 15:24:46"}
{"level":"error","message":"insertUsers Query error\n: {\"message\":\"Column 'password' cannot be null\",\"code\":\"ER_BAD_NULL_ERROR\",\"errno\":1048,\"sql\":\"insert into user(userID,userName,password) values('ukkyo','유효진',NULL)\",\"sqlState\":\"23000\",\"sqlMessage\":\"Column 'password' cannot be null\"}","timestamp":"2022-09-19 15:25:19"}
{"level":"info","message":"API server start at port 3000","timestamp":"2022-09-19 15:28:51"}
{"level":"info","message":"API server start at port 3000","timestamp":"2022-09-19 15:29:45"}
{"level":"error","message":"insertUsers Query error\n: {\"message\":\"Column 'password' cannot be null\",\"code\":\"ER_BAD_NULL_ERROR\",\"errno\":1048,\"sql\":\"insert into user(userID,userName,password) values('doyoung','김도영',NULL)\",\"sqlState\":\"23000\",\"sqlMessage\":\"Column 'password' cannot be null\"}","timestamp":"2022-09-19 15:31:42"}
{"level":"info","message":"API server start at port 3000","timestamp":"2022-09-19 15:33:42"}
{"level":"info","message":"API server start at port 3000","timestamp":"2022-09-19 15:33:45"}
{"level":"error","message":"insertUsers Query error\n: {\"message\":\"Column 'password' cannot be null\",\"code\":\"ER_BAD_NULL_ERROR\",\"errno\":1048,\"sql\":\"insert into user(userID,userName,password) values('doyoung','김도영',NULL)\",\"sqlState\":\"23000\",\"sqlMessage\":\"Column 'password' cannot be null\"}","timestamp":"2022-09-19 15:33:52"}
{"level":"info","message":"API server start at port 3000","timestamp":"2022-09-19 15:35:02"}
{"level":"info","message":"API server start at port 3000","timestamp":"2022-09-19 15:40:43"}
{"level":"info","message":"API server start at port 3000","timestamp":"2022-09-19 15:41:21"}
{"level":"info","message":"API server start at port 3000","timestamp":"2022-09-19 17:24:51"}
{"level":"info","message":"API server start at port 3000","timestamp":"2022-09-19 18:05:58"}
{"level":"info","message":"API server start at port 3000","timestamp":"2022-09-19 18:07:59"}
{"level":"error","message":"createJwt Query error\n: {}","timestamp":"2022-09-19 18:08:40"}
{"level":"info","message":"API server start at port 3000","timestamp":"2022-09-19 18:10:13"}
{"level":"info","message":"API server start at port 3000","timestamp":"2022-09-19 18:10:57"}
{"level":"error","message":"createJwt Query error\n: {}","timestamp":"2022-09-19 18:12:09"}
