{"level":"info","message":"API server start at port 3000","timestamp":"2022-10-11 01:21:26"}
{"level":"error","message":"insertUsers DB Connection error\n: {\"code\":\"ER_ACCESS_DENIED_ERROR\",\"errno\":1045,\"sqlState\":\"28000\",\"sqlMessage\":\"Access denied for user 'root'@'localhost' (using password: YES)\"}","timestamp":"2022-10-11 01:22:26"}
{"level":"error","message":"insertUsers DB Connection error\n: {\"code\":\"ER_ACCESS_DENIED_ERROR\",\"errno\":1045,\"sqlState\":\"28000\",\"sqlMessage\":\"Access denied for user 'root'@'localhost' (using password: YES)\"}","timestamp":"2022-10-11 01:23:07"}
{"level":"error","message":"insertUsers DB Connection error\n: {\"code\":\"ER_ACCESS_DENIED_ERROR\",\"errno\":1045,\"sqlState\":\"28000\",\"sqlMessage\":\"Access denied for user 'root'@'localhost' (using password: YES)\"}","timestamp":"2022-10-11 01:24:32"}
{"level":"info","message":"API server start at port 3000","timestamp":"2022-10-11 01:36:38"}
{"level":"error","message":"insertUsers DB Connection error\n: {\"code\":\"ER_ACCESS_DENIED_ERROR\",\"errno\":1045,\"sqlState\":\"28000\",\"sqlMessage\":\"Access denied for user 'root'@'localhost' (using password: YES)\"}","timestamp":"2022-10-11 01:36:58"}
{"level":"error","message":"insertUsers DB Connection error\n: {\"code\":\"ER_ACCESS_DENIED_ERROR\",\"errno\":1045,\"sqlState\":\"28000\",\"sqlMessage\":\"Access denied for user 'root'@'localhost' (using password: YES)\"}","timestamp":"2022-10-11 01:38:02"}
{"level":"error","message":"insertUsers DB Connection error\n: {\"code\":\"ER_ACCESS_DENIED_ERROR\",\"errno\":1045,\"sqlState\":\"28000\",\"sqlMessage\":\"Access denied for user 'root'@'localhost' (using password: YES)\"}","timestamp":"2022-10-11 01:38:23"}
{"level":"info","message":"API server start at port 3000","timestamp":"2022-10-11 01:38:47"}
{"level":"info","message":"API server start at port 3000","timestamp":"2022-10-11 01:48:30"}
{"level":"info","message":"API server start at port 3000","timestamp":"2022-10-11 01:51:24"}
{"level":"error","message":"insertReserv Query error\n: {\"message\":\"Incorrect integer value: 'undefined' for column 'userIdx' at row 1\",\"code\":\"ER_TRUNCATED_WRONG_VALUE_FOR_FIELD\",\"errno\":1366,\"sql\":\"insert into reservation(hosIdx, Date,Time,userIdx,userName, userNum, userBirth) values(3,'2022-10-25','12:00','undefined','공령휘','010-8841-5174','2000-08-05');\",\"sqlState\":\"HY000\",\"sqlMessage\":\"Incorrect integer value: 'undefined' for column 'userIdx' at row 1\"}","timestamp":"2022-10-11 01:55:45"}
{"level":"error","message":"insertReserv Query error\n: {\"message\":\"Incorrect integer value: 'undefined' for column 'userIdx' at row 1\",\"code\":\"ER_TRUNCATED_WRONG_VALUE_FOR_FIELD\",\"errno\":1366,\"sql\":\"insert into reservation(hosIdx, Date,Time,userIdx,userName, userNum, userBirth) values(3,'2022-10-25','12:00','undefined','공령휘','010-8841-5174','2000-08-05');\",\"sqlState\":\"HY000\",\"sqlMessage\":\"Incorrect integer value: 'undefined' for column 'userIdx' at row 1\"}","timestamp":"2022-10-11 01:57:25"}
{"level":"error","message":"insertReserv Query error\n: {\"message\":\"Duplicate entry '3-2022-10-20-11:00:00' for key 'reservation.PRIMARY'\",\"code\":\"ER_DUP_ENTRY\",\"errno\":1062,\"sql\":\"insert into reservation(hosIdx, Date,Time,userIdx,userName, userNum, userBirth) values(3,'2022-10-20','11:00','34','강은영','010-8841-5174','1999-07-28');\",\"sqlState\":\"23000\",\"sqlMessage\":\"Duplicate entry '3-2022-10-20-11:00:00' for key 'reservation.PRIMARY'\"}","timestamp":"2022-10-11 02:12:33"}
{"level":"error","message":"insertReserv Query error\n: {\"message\":\"Duplicate entry '3-2022-10-20-11:00:00' for key 'reservation.PRIMARY'\",\"code\":\"ER_DUP_ENTRY\",\"errno\":1062,\"sql\":\"insert into reservation(hosIdx, Date,Time,userIdx,userName, userNum, userBirth) values(3,'2022-10-20','11:00','34','공령휘','010-8841-5174','1999-07-28');\",\"sqlState\":\"23000\",\"sqlMessage\":\"Duplicate entry '3-2022-10-20-11:00:00' for key 'reservation.PRIMARY'\"}","timestamp":"2022-10-11 02:15:03"}
{"level":"error","message":"insertReserv Query error\n: {\"message\":\"Duplicate entry '3-2022-10-20-11:00:00' for key 'reservation.PRIMARY'\",\"code\":\"ER_DUP_ENTRY\",\"errno\":1062,\"sql\":\"insert into reservation(hosIdx, Date,Time,userIdx,userName, userNum, userBirth) values(3,'2022-10-20','11:00','34','공령휘','88415174','1999-07-28');\",\"sqlState\":\"23000\",\"sqlMessage\":\"Duplicate entry '3-2022-10-20-11:00:00' for key 'reservation.PRIMARY'\"}","timestamp":"2022-10-11 02:16:38"}
{"level":"error","message":"insertReserv Query error\n: {\"message\":\"Duplicate entry '3-2022-10-20-11:00:00' for key 'reservation.PRIMARY'\",\"code\":\"ER_DUP_ENTRY\",\"errno\":1062,\"sql\":\"insert into reservation(hosIdx, Date,Time,userIdx,userName, userNum, userBirth) values(3,'2022-10-20','11:00','34','공령휘','88415174','1999-07-28');\",\"sqlState\":\"23000\",\"sqlMessage\":\"Duplicate entry '3-2022-10-20-11:00:00' for key 'reservation.PRIMARY'\"}","timestamp":"2022-10-11 02:17:21"}
{"level":"error","message":"insertReserv Query error\n: {\"message\":\"Duplicate entry '3-2022-10-20-11:00:00' for key 'reservation.PRIMARY'\",\"code\":\"ER_DUP_ENTRY\",\"errno\":1062,\"sql\":\"insert into reservation(hosIdx, Date,Time,userIdx,userName, userNum, userBirth) values(3,'2022-10-20','11:00','34','ㄴ','ㄴ','0023-04-04');\",\"sqlState\":\"23000\",\"sqlMessage\":\"Duplicate entry '3-2022-10-20-11:00:00' for key 'reservation.PRIMARY'\"}","timestamp":"2022-10-11 02:17:34"}
{"level":"error","message":"insertReserv Query error\n: {\"message\":\"Duplicate entry '3-2022-10-20-11:00:00' for key 'reservation.PRIMARY'\",\"code\":\"ER_DUP_ENTRY\",\"errno\":1062,\"sql\":\"insert into reservation(hosIdx, Date,Time,userIdx,userName, userNum, userBirth) values(3,'2022-10-20','11:00','34','ㄴ','ㄴ','0002-01-06');\",\"sqlState\":\"23000\",\"sqlMessage\":\"Duplicate entry '3-2022-10-20-11:00:00' for key 'reservation.PRIMARY'\"}","timestamp":"2022-10-11 02:21:02"}
{"level":"error","message":"insertReserv Query error\n: {\"message\":\"Duplicate entry '3-2022-10-20-11:00:00' for key 'reservation.PRIMARY'\",\"code\":\"ER_DUP_ENTRY\",\"errno\":1062,\"sql\":\"insert into reservation(hosIdx, Date,Time,userIdx,userName, userNum, userBirth) values(3,'2022-10-20','11:00','34','ㄴ','ㄴ','0002-03-02');\",\"sqlState\":\"23000\",\"sqlMessage\":\"Duplicate entry '3-2022-10-20-11:00:00' for key 'reservation.PRIMARY'\"}","timestamp":"2022-10-11 02:22:01"}
{"level":"info","message":"API server start at port 3000","timestamp":"2022-10-11 02:39:29"}
{"level":"info","message":"API server start at port 3000","timestamp":"2022-10-11 02:59:17"}
{"level":"info","message":"API server start at port 3000","timestamp":"2022-10-11 04:42:34"}
{"level":"info","message":"API server start at port 3000","timestamp":"2022-10-11 04:52:42"}
{"level":"info","message":"API server start at port 3000","timestamp":"2022-10-11 05:34:56"}
{"level":"info","message":"API server start at port 3000","timestamp":"2022-10-11 07:30:36"}
{"level":"info","message":"API server start at port 3000","timestamp":"2022-10-11 10:52:02"}
{"level":"info","message":"API server start at port 3000","timestamp":"2022-10-11 10:53:39"}
{"level":"info","message":"API server start at port 3000","timestamp":"2022-10-11 11:02:06"}
{"level":"info","message":"API server start at port 3000","timestamp":"2022-10-11 11:02:43"}
{"level":"info","message":"API server start at port 3000","timestamp":"2022-10-11 11:04:00"}
{"level":"info","message":"API server start at port 3000","timestamp":"2022-10-11 11:09:54"}
